<?xml version="1.0" encoding="UTF-8"?>
<testng-results ignored="0" total="2" passed="2" failed="0" skipped="0">
  <reporter-output>
  </reporter-output>
  <suite started-at="2024-12-07T20:40:19 IST" name="Suite" finished-at="2024-12-07T20:40:39 IST" duration-ms="19373">
    <groups>
      <group name="regression">
        <method signature="TC02_LoginTest.test_login()[pri:0, instance:testCases.TC02_LoginTest@363a52f]" name="test_login" class="testCases.TC02_LoginTest"/>
      </group> <!-- regression -->
      <group name="sanity">
        <method signature="TC001_AccountRegistrationPage.verify_accountRegPage()[pri:0, instance:testCases.TC001_AccountRegistrationPage@1800a575]" name="verify_accountRegPage" class="testCases.TC001_AccountRegistrationPage"/>
        <method signature="TC02_LoginTest.test_login()[pri:0, instance:testCases.TC02_LoginTest@363a52f]" name="test_login" class="testCases.TC02_LoginTest"/>
      </group> <!-- sanity -->
      <group name="majid">
        <method signature="TC02_LoginTest.test_login()[pri:0, instance:testCases.TC02_LoginTest@363a52f]" name="test_login" class="testCases.TC02_LoginTest"/>
      </group> <!-- majid -->
      <group name="master">
        <method signature="TC001_AccountRegistrationPage.verify_accountRegPage()[pri:0, instance:testCases.TC001_AccountRegistrationPage@1800a575]" name="verify_accountRegPage" class="testCases.TC001_AccountRegistrationPage"/>
      </group> <!-- master -->
    </groups>
    <test started-at="2024-12-07T20:40:19 IST" name="Test" finished-at="2024-12-07T20:40:39 IST" duration-ms="19373">
      <class name="testCases.TC001_AccountRegistrationPage">
        <test-method is-config="true" signature="setup(java.lang.String,java.lang.String)[pri:0, instance:testCases.TC001_AccountRegistrationPage@1800a575]" started-at="2024-12-07T20:40:19 IST" name="setup" finished-at="2024-12-07T20:40:26 IST" duration-ms="6967" status="PASS">
          <params>
            <param index="0">
              <value>
                <![CDATA[windows]]>
              </value>
            </param>
            <param index="1">
              <value>
                <![CDATA[chrome]]>
              </value>
            </param>
          </params>
          <reporter-output>
          </reporter-output>
        </test-method> <!-- setup -->
        <test-method signature="verify_accountRegPage()[pri:0, instance:testCases.TC001_AccountRegistrationPage@1800a575]" started-at="2024-12-07T20:40:26 IST" name="verify_accountRegPage" finished-at="2024-12-07T20:40:31 IST" duration-ms="4170" status="PASS">
          <reporter-output>
          </reporter-output>
        </test-method> <!-- verify_accountRegPage -->
        <test-method is-config="true" signature="tearDown()[pri:0, instance:testCases.TC001_AccountRegistrationPage@1800a575]" started-at="2024-12-07T20:40:31 IST" name="tearDown" finished-at="2024-12-07T20:40:31 IST" duration-ms="298" status="PASS">
          <reporter-output>
          </reporter-output>
        </test-method> <!-- tearDown -->
      </class> <!-- testCases.TC001_AccountRegistrationPage -->
      <class name="testCases.TC02_LoginTest">
        <test-method is-config="true" signature="setup(java.lang.String,java.lang.String)[pri:0, instance:testCases.TC02_LoginTest@363a52f]" started-at="2024-12-07T20:40:31 IST" name="setup" finished-at="2024-12-07T20:40:37 IST" duration-ms="5982" status="PASS">
          <params>
            <param index="0">
              <value>
                <![CDATA[windows]]>
              </value>
            </param>
            <param index="1">
              <value>
                <![CDATA[chrome]]>
              </value>
            </param>
          </params>
          <reporter-output>
          </reporter-output>
        </test-method> <!-- setup -->
        <test-method signature="test_login()[pri:0, instance:testCases.TC02_LoginTest@363a52f]" started-at="2024-12-07T20:40:37 IST" name="test_login" finished-at="2024-12-07T20:40:38 IST" duration-ms="1612" status="PASS">
          <reporter-output>
          </reporter-output>
        </test-method> <!-- test_login -->
        <test-method is-config="true" signature="tearDown()[pri:0, instance:testCases.TC02_LoginTest@363a52f]" started-at="2024-12-07T20:40:38 IST" name="tearDown" finished-at="2024-12-07T20:40:39 IST" duration-ms="302" status="PASS">
          <reporter-output>
          </reporter-output>
        </test-method> <!-- tearDown -->
      </class> <!-- testCases.TC02_LoginTest -->
    </test> <!-- Test -->
  </suite> <!-- Suite -->
</testng-results>
