<?xml version="1.0" encoding="UTF-8"?>
<testng-results ignored="0" total="2" passed="2" failed="0" skipped="0">
  <reporter-output>
  </reporter-output>
  <suite started-at="2024-12-07T20:17:16 IST" name="Suite" finished-at="2024-12-07T20:17:34 IST" duration-ms="17190">
    <groups>
      <group name="regression">
        <method signature="TC02_LoginTest.test_login()[pri:0, instance:testCases.TC02_LoginTest@7ac0e420]" name="test_login" class="testCases.TC02_LoginTest"/>
      </group> <!-- regression -->
      <group name="sanity">
        <method signature="TC001_AccountRegistrationPage.verify_accountRegPage()[pri:0, instance:testCases.TC001_AccountRegistrationPage@51acdf2e]" name="verify_accountRegPage" class="testCases.TC001_AccountRegistrationPage"/>
        <method signature="TC02_LoginTest.test_login()[pri:0, instance:testCases.TC02_LoginTest@7ac0e420]" name="test_login" class="testCases.TC02_LoginTest"/>
      </group> <!-- sanity -->
      <group name="majid">
        <method signature="TC02_LoginTest.test_login()[pri:0, instance:testCases.TC02_LoginTest@7ac0e420]" name="test_login" class="testCases.TC02_LoginTest"/>
      </group> <!-- majid -->
      <group name="master">
        <method signature="TC001_AccountRegistrationPage.verify_accountRegPage()[pri:0, instance:testCases.TC001_AccountRegistrationPage@51acdf2e]" name="verify_accountRegPage" class="testCases.TC001_AccountRegistrationPage"/>
      </group> <!-- master -->
    </groups>
    <test started-at="2024-12-07T20:17:16 IST" name="Test" finished-at="2024-12-07T20:17:34 IST" duration-ms="17190">
      <class name="testCases.TC001_AccountRegistrationPage">
        <test-method is-config="true" signature="setup(java.lang.String,java.lang.String)[pri:0, instance:testCases.TC001_AccountRegistrationPage@51acdf2e]" started-at="2024-12-07T20:17:16 IST" name="setup" finished-at="2024-12-07T20:17:25 IST" duration-ms="8882" status="PASS">
          <params>
            <param index="0">
              <value>
                <![CDATA[windows]]>
              </value>
            </param>
            <param index="1">
              <value>
                <![CDATA[chrome]]>
              </value>
            </param>
          </params>
          <reporter-output>
          </reporter-output>
        </test-method> <!-- setup -->
        <test-method signature="verify_accountRegPage()[pri:0, instance:testCases.TC001_AccountRegistrationPage@51acdf2e]" started-at="2024-12-07T20:17:25 IST" name="verify_accountRegPage" finished-at="2024-12-07T20:17:28 IST" duration-ms="2601" status="PASS">
          <reporter-output>
          </reporter-output>
        </test-method> <!-- verify_accountRegPage -->
        <test-method is-config="true" signature="tearDown()[pri:0, instance:testCases.TC001_AccountRegistrationPage@51acdf2e]" started-at="2024-12-07T20:17:28 IST" name="tearDown" finished-at="2024-12-07T20:17:28 IST" duration-ms="275" status="PASS">
          <reporter-output>
          </reporter-output>
        </test-method> <!-- tearDown -->
      </class> <!-- testCases.TC001_AccountRegistrationPage -->
      <class name="testCases.TC02_LoginTest">
        <test-method is-config="true" signature="setup(java.lang.String,java.lang.String)[pri:0, instance:testCases.TC02_LoginTest@7ac0e420]" started-at="2024-12-07T20:17:28 IST" name="setup" finished-at="2024-12-07T20:17:32 IST" duration-ms="3724" status="PASS">
          <params>
            <param index="0">
              <value>
                <![CDATA[windows]]>
              </value>
            </param>
            <param index="1">
              <value>
                <![CDATA[chrome]]>
              </value>
            </param>
          </params>
          <reporter-output>
          </reporter-output>
        </test-method> <!-- setup -->
        <test-method signature="test_login()[pri:0, instance:testCases.TC02_LoginTest@7ac0e420]" started-at="2024-12-07T20:17:32 IST" name="test_login" finished-at="2024-12-07T20:17:33 IST" duration-ms="1350" status="PASS">
          <reporter-output>
          </reporter-output>
        </test-method> <!-- test_login -->
        <test-method is-config="true" signature="tearDown()[pri:0, instance:testCases.TC02_LoginTest@7ac0e420]" started-at="2024-12-07T20:17:33 IST" name="tearDown" finished-at="2024-12-07T20:17:34 IST" duration-ms="298" status="PASS">
          <reporter-output>
          </reporter-output>
        </test-method> <!-- tearDown -->
      </class> <!-- testCases.TC02_LoginTest -->
    </test> <!-- Test -->
  </suite> <!-- Suite -->
</testng-results>
